2025-10-06 00:00:44, MOVE, v:1, k:enxugar, mode:PICK
2025-10-06 00:00:46, EXEC, v:1, k:enxugar, mode:FULL, rate:90
2025-10-06 00:02:37, EXEC, v:1, k:enxugar, mode:FULL, rate:0, size:66
2025-10-06 00:02:56, EXEC, v:1, k:enxugar, mode:FULL, rate:90, size:60
2025-10-06 00:03:37, EXEC, v:1, k:enxugar, mode:FULL, rate:90, size:61
2025-10-06 00:08:24, EXEC, v:1, k:enxugar, mode:FULL, rate:90, size:61
2025-10-06 00:08:35, EXEC, v:1, k:enxugar, mode:FULL, rate:90, size:61
2025-10-06 00:11:09, EXEC, v:1, k:enxugar, mode:FULL, rate:100, size:57
2025-10-06 00:12:50, MOVE, v:1, k:toalha, mode:PICK
2025-10-06 00:12:51, EXEC, v:1, k:toalha, mode:LOCK, rate:0
2025-10-06 00:12:53, EXEC, v:1, k:toalha, mode:LOCK, rate:0
2025-10-06 00:12:53, EXEC, v:1, k:toalha, mode:LOCK, rate:0
2025-10-06 00:14:38, MOVE, v:1, k:toalha, mode:PICK
2025-10-06 00:16:31, MOVE, v:1, k:toalha, mode:PICK
2025-10-06 00:16:35, EXEC, v:1, k:toalha, mode:LOCK, rate:0
2025-10-06 00:16:36, EXEC, v:1, k:toalha, mode:LOCK, rate:0
2025-10-06 00:16:37, EXEC, v:1, k:toalha, mode:LOCK, rate:0
2025-10-06 00:16:37, EXEC, v:1, k:toalha, mode:LOCK, rate:0
2025-10-06 00:16:37, EXEC, v:1, k:toalha, mode:LOCK, rate:0
2025-10-06 00:16:37, EXEC, v:1, k:toalha, mode:LOCK, rate:0
