2025-10-05 23:42:06, MOVE, v:1, k:toalha, mode:PICK
2025-10-05 23:42:11, EXEC, v:1, k:toalha, mode:LOCK, rate:0, size:44
2025-10-05 23:42:12, EXEC, v:1, k:toalha, mode:LOCK, rate:0
2025-10-05 23:42:13, EXEC, v:1, k:toalha, mode:LOCK, rate:0
2025-10-05 23:42:14, EXEC, v:1, k:toalha, mode:LOCK, rate:0
2025-10-05 23:42:15, EXEC, v:1, k:toalha, mode:LOCK, rate:0
2025-10-05 23:42:15, EXEC, v:1, k:toalha, mode:LOCK, rate:0
2025-10-05 23:42:16, EXEC, v:1, k:toalha, mode:LOCK, rate:0
2025-10-05 23:42:31, EXEC, v:1, k:toalha, mode:LOCK, rate:0
2025-10-05 23:42:31, EXEC, v:1, k:toalha, mode:LOCK, rate:0
2025-10-05 23:42:55, MOVE, v:1, k:toalha, mode:PICK
2025-10-05 23:43:16, EXEC, v:1, k:toalha, mode:LOCK, rate:0
2025-10-05 23:43:17, EXEC, v:1, k:toalha, mode:LOCK, rate:0
2025-10-05 23:43:18, EXEC, v:1, k:toalha, mode:LOCK, rate:0
2025-10-05 23:43:52, MOVE, v:1, k:enxugar, mode:PICK
2025-10-05 23:43:54, EXEC, v:1, k:enxugar, mode:FULL, rate:90
2025-10-05 23:46:32, EXEC, v:1, k:enxugar, mode:FULL, rate:90, size:59
2025-10-05 23:48:11, EXEC, v:1, k:enxugar, mode:FULL, rate:0, size:59
2025-10-05 23:48:51, MOVE, v:1, k:enxugar, mode:PICK
2025-10-05 23:48:53, EXEC, v:1, k:enxugar, mode:FULL, rate:90, size:59
2025-10-05 23:55:58, EXEC, v:1, k:enxugar, mode:FULL, rate:0, size:66
2025-10-05 23:56:59, MOVE, v:1, k:enxugar, mode:PICK
2025-10-05 23:57:00, EXEC, v:1, k:enxugar, mode:FULL, rate:0
2025-10-05 23:57:35, MOVE, v:1, k:enxugar, mode:PICK
2025-10-05 23:57:37, EXEC, v:1, k:enxugar, mode:FULL, rate:0
2025-10-05 23:57:39, EXEC, v:1, k:enxugar, mode:FULL, rate:0
2025-10-05 23:58:02, EXEC, v:1, k:enxugar, mode:FULL, rate:0
2025-10-05 23:58:03, EXEC, v:1, k:enxugar, mode:FULL, rate:0
2025-10-05 23:58:03, EXEC, v:1, k:enxugar, mode:FULL, rate:0
2025-10-05 23:58:12, EXEC, v:1, k:enxugar, mode:FULL, rate:0
2025-10-05 23:59:06, MOVE, v:1, k:toalha, mode:PICK
2025-10-05 23:59:07, EXEC, v:1, k:toalha, mode:LOCK, rate:0
2025-10-05 23:59:09, EXEC, v:1, k:toalha, mode:LOCK, rate:0
2025-10-05 23:59:10, EXEC, v:1, k:toalha, mode:LOCK, rate:0
2025-10-05 23:59:10, EXEC, v:1, k:toalha, mode:LOCK, rate:0
2025-10-05 23:59:41, MOVE, v:1, k:enxugar, mode:PICK
2025-10-05 23:59:43, EXEC, v:1, k:enxugar, mode:FULL, rate:90, size:61
2025-10-05 23:59:44, EXEC, v:1, k:enxugar, mode:FULL, rate:90
